
Status: FAILED!
Check: 1
Test: Output in specified format
Reason: Unable to find '['3 inches is 7.62 centimeters']' in the program's output.
.
Error : AssertionError - Unable to find 3 inches is 7.62 centimeters in the program's output.
Timestamp: 2025-02-10 05:42:20.885315

Status: PASSED!
Check: 2
Test: Did not hard code answers into program's output
Reason: WriteLine("3 inches is 7.62 centimeters"); ` was found in the program.None
Timestamp: 2025-02-10 05:42:20.885856
