
Status: FAILED!
Check: 1
Test: Variable of type `double` used
Reason: Unable to find '^\s*double.+' in the program.
Error : str - AssertionError
Timestamp: 2025-02-10 05:25:59.172587

Status: FAILED!
Check: 2
Test: Variable of type `decimal` used
Reason: Unable to find '^\s*decimal.+$' in the program.
Error : str - AssertionError
Timestamp: 2025-02-10 05:25:59.172884
