
Status: FAILED!
Check: 1
Test: This task will always fail.
Reason: This task will always fail.
Error : AssertionError - 
Timestamp: 2025-01-27 05:17:21.965126
